<?xml version="1.0" encoding="UTF-8"?>
<testsuites name="Testing Automated" time="107.539" tests="4" failures="2" errors="0">
   <testsuite name="Testing Automated" tests="4" failures="2" errors="0" time="107.539" skipped="0" timestamp="18-06-2024T14:05:28" hostname="foundation-011 - 10-63-56-6.0200.ilb.id.iosda.org" id="Test Suites/Testing Automated">
      <properties>
         <property name="deviceName" value=""/>
         <property name="devicePlatform"/>
         <property name="logFolder" value="/Users/foundation-011/Katalon Studio/Pengujian CIS IT Del/Reports/20240618_140522/Testing Automated/20240618_140523"/>
         <property name="logFiles" value="/Users/foundation-011/Katalon Studio/Pengujian CIS IT Del/Reports/20240618_140522/Testing Automated/20240618_140523/execution0.log"/>
         <property name="attachments" value="/Users/foundation-011/Katalon Studio/Pengujian CIS IT Del/Reports/20240618_140522/Testing Automated/20240618_140523/1718694365560.png, /Users/foundation-011/Katalon Studio/Pengujian CIS IT Del/Reports/20240618_140522/Testing Automated/20240618_140523/1718694374487.png, /Users/foundation-011/Katalon Studio/Pengujian CIS IT Del/Reports/20240618_140522/Testing Automated/20240618_140523/1718694383519.png, /Users/foundation-011/Katalon Studio/Pengujian CIS IT Del/Reports/20240618_140522/Testing Automated/20240618_140523/1718694392430.png, /Users/foundation-011/Katalon Studio/Pengujian CIS IT Del/Reports/20240618_140522/Testing Automated/20240618_140523/1718694401595.png, /Users/foundation-011/Katalon Studio/Pengujian CIS IT Del/Reports/20240618_140522/Testing Automated/20240618_140523/1718694410916.png, /Users/foundation-011/Katalon Studio/Pengujian CIS IT Del/Reports/20240618_140522/Testing Automated/20240618_140523/1718694426742.png, /Users/foundation-011/Katalon Studio/Pengujian CIS IT Del/Reports/20240618_140522/Testing Automated/20240618_140523/1718694436287.png"/>
         <property name="hostName" value="foundation-011 - 10-63-56-6.0200.ilb.id.iosda.org"/>
         <property name="os" value="Mac OS X 64bit"/>
         <property name="katalonVersion" value="9.6.0.217"/>
         <property name="browser" value="Chrome 126.0.0.0"/>
         <property name="hostAddress" value="10.63.56.6"/>
         <property name="sessionId" value="f7f9aae77f16e487630f20e22f996168"/>
         <property name="seleniumVersion" value="3.141.59"/>
         <property name="proxyInformation" value="ProxyInformation { proxyOption=NO_PROXY, proxyServerType=HTTP, username=, password=********, proxyServerAddress=, proxyServerPort=0, executionList=&quot;&quot;, isApplyToDesiredCapabilities=true }"/>
         <property name="platform" value="Mac OS X"/>
      </properties>
      <testcase name="Test Cases/Asrama dan Kemahasiswaan/Izin Kolaboratif" time="12.59" classname="Test Cases/Asrama dan Kemahasiswaan/Izin Kolaboratif" status="PASSED">
         <system-out><![CDATA[18-06-2024T14:05:29 - [TEST_CASE][PASSED] - Test Cases/Asrama dan Kemahasiswaan/Izin Kolaboratif: Test Cases/Asrama dan Kemahasiswaan/Izin Kolaboratif

18-06-2024T14:05:29 - [TEST_STEP][PASSED] - openBrowser(""): Browser is opened with url: ''

18-06-2024T14:05:29 - [MESSAGE][INFO] - Starting 'Chrome' driver

18-06-2024T14:05:29 - [MESSAGE][INFO] - Action delay is set to 0 milliseconds

18-06-2024T14:05:30 - [MESSAGE][PASSED] - Browser is opened with url: ''

18-06-2024T14:05:30 - [TEST_STEP][PASSED] - navigateToUrl("https://cis.del.ac.id/user/login"): Navigate to 'https://cis.del.ac.id/user/login' successfully

18-06-2024T14:05:31 - [MESSAGE][PASSED] - Navigate to 'https://cis.del.ac.id/user/login' successfully

18-06-2024T14:05:31 - [TEST_STEP][PASSED] - setText(findTestObject("Object Repository/Page_Login/input_Username_LoginFormusername"), "if322061"): Text 'if322061' is set on object 'Object Repository/Page_Login/input_Username_LoginFormusername'

18-06-2024T14:05:32 - [MESSAGE][PASSED] - Text 'if322061' is set on object 'Object Repository/Page_Login/input_Username_LoginFormusername'

18-06-2024T14:05:32 - [TEST_STEP][PASSED] - setEncryptedText(findTestObject("Object Repository/Page_Login/input_Password_LoginFormpassword"), "r0h5FLeGCTYg+BkHRFNenXgKWnGicbHL"): Text ****** has been set on object 'Object Repository/Page_Login/input_Password_LoginFormpassword'

18-06-2024T14:05:32 - [MESSAGE][PASSED] - Text ****** has been set on object 'Object Repository/Page_Login/input_Password_LoginFormpassword'

18-06-2024T14:05:32 - [TEST_STEP][PASSED] - click(findTestObject("Object Repository/Page_Login/button_Sign In")): Object: 'Object Repository/Page_Login/button_Sign In' is clicked on

18-06-2024T14:05:32 - [MESSAGE][PASSED] - Object: 'Object Repository/Page_Login/button_Sign In' is clicked on

18-06-2024T14:05:32 - [TEST_STEP][PASSED] - click(findTestObject("Object Repository/Page_Dashboard/span_Asrama  Kemahasiswaan")): Object: 'Object Repository/Page_Dashboard/span_Asrama  Kemahasiswaan' is clicked on

18-06-2024T14:05:35 - [MESSAGE][PASSED] - Object: 'Object Repository/Page_Dashboard/span_Asrama  Kemahasiswaan' is clicked on

18-06-2024T14:05:35 - [TEST_STEP][PASSED] - click(findTestObject("Object Repository/Page_Dashboard/a_Izin Kolaboratif")): Object: 'Object Repository/Page_Dashboard/a_Izin Kolaboratif' is clicked on

18-06-2024T14:05:35 - [MESSAGE][PASSED] - Object: 'Object Repository/Page_Dashboard/a_Izin Kolaboratif' is clicked on

18-06-2024T14:05:35 - [TEST_STEP][PASSED] - click(findTestObject("Object Repository/Page_Izin Tambahan Jam Kolaboratif/a_Request izin")): Object: 'Object Repository/Page_Izin Tambahan Jam Kolaboratif/a_Request izin' is clicked on

18-06-2024T14:05:36 - [MESSAGE][PASSED] - Object: 'Object Repository/Page_Izin Tambahan Jam Kolaboratif/a_Request izin' is clicked on

18-06-2024T14:05:36 - [TEST_STEP][PASSED] - click(findTestObject("Object Repository/Page_Request Izin Tambahan Jam Kolaboratif/input_Rencana Mulai_IzinKolaboratifrencana_mulai")): Object: 'Object Repository/Page_Request Izin Tambahan Jam Kolaboratif/input_Rencana Mulai_IzinKolaboratifrencana_mulai' is clicked on

18-06-2024T14:05:37 - [MESSAGE][PASSED] - Object: 'Object Repository/Page_Request Izin Tambahan Jam Kolaboratif/input_Rencana Mulai_IzinKolaboratifrencana_mulai' is clicked on

18-06-2024T14:05:37 - [TEST_STEP][PASSED] - click(findTestObject("Object Repository/Page_Request Izin Tambahan Jam Kolaboratif/td_20")): Object: 'Object Repository/Page_Request Izin Tambahan Jam Kolaboratif/td_20' is clicked on

18-06-2024T14:05:37 - [MESSAGE][PASSED] - Object: 'Object Repository/Page_Request Izin Tambahan Jam Kolaboratif/td_20' is clicked on

18-06-2024T14:05:37 - [TEST_STEP][PASSED] - click(findTestObject("Object Repository/Page_Request Izin Tambahan Jam Kolaboratif/input_Rencana Berakhir_IzinKolaboratifrenca_cc4134")): Object: 'Object Repository/Page_Request Izin Tambahan Jam Kolaboratif/input_Rencana Berakhir_IzinKolaboratifrenca_cc4134' is clicked on

18-06-2024T14:05:38 - [MESSAGE][PASSED] - Object: 'Object Repository/Page_Request Izin Tambahan Jam Kolaboratif/input_Rencana Berakhir_IzinKolaboratifrenca_cc4134' is clicked on

18-06-2024T14:05:38 - [TEST_STEP][PASSED] - click(findTestObject("Object Repository/Page_Request Izin Tambahan Jam Kolaboratif/td_21")): Object: 'Object Repository/Page_Request Izin Tambahan Jam Kolaboratif/td_21' is clicked on

18-06-2024T14:05:38 - [MESSAGE][PASSED] - Object: 'Object Repository/Page_Request Izin Tambahan Jam Kolaboratif/td_21' is clicked on

18-06-2024T14:05:38 - [TEST_STEP][PASSED] - click(findTestObject("Object Repository/Page_Request Izin Tambahan Jam Kolaboratif/input_Batas Waktu_IzinKolaboratifbatas_waktu")): Object: 'Object Repository/Page_Request Izin Tambahan Jam Kolaboratif/input_Batas Waktu_IzinKolaboratifbatas_waktu' is clicked on

18-06-2024T14:05:39 - [MESSAGE][PASSED] - Object: 'Object Repository/Page_Request Izin Tambahan Jam Kolaboratif/input_Batas Waktu_IzinKolaboratifbatas_waktu' is clicked on

18-06-2024T14:05:39 - [TEST_STEP][PASSED] - click(findTestObject("Object Repository/Page_Request Izin Tambahan Jam Kolaboratif/span_1300")): Object: 'Object Repository/Page_Request Izin Tambahan Jam Kolaboratif/span_1300' is clicked on

18-06-2024T14:05:39 - [MESSAGE][PASSED] - Object: 'Object Repository/Page_Request Izin Tambahan Jam Kolaboratif/span_1300' is clicked on

18-06-2024T14:05:39 - [TEST_STEP][PASSED] - click(findTestObject("Object Repository/Page_Request Izin Tambahan Jam Kolaboratif/span_1350")): Object: 'Object Repository/Page_Request Izin Tambahan Jam Kolaboratif/span_1350' is clicked on

18-06-2024T14:05:40 - [MESSAGE][PASSED] - Object: 'Object Repository/Page_Request Izin Tambahan Jam Kolaboratif/span_1350' is clicked on

18-06-2024T14:05:40 - [TEST_STEP][PASSED] - click(findTestObject("Object Repository/Page_Request Izin Tambahan Jam Kolaboratif/label_Keterangan")): Object: 'Object Repository/Page_Request Izin Tambahan Jam Kolaboratif/label_Keterangan' is clicked on

18-06-2024T14:05:40 - [MESSAGE][PASSED] - Object: 'Object Repository/Page_Request Izin Tambahan Jam Kolaboratif/label_Keterangan' is clicked on

18-06-2024T14:05:40 - [TEST_STEP][PASSED] - setText(findTestObject("Object Repository/Page_Request Izin Tambahan Jam Kolaboratif/textarea_Keterangan_IzinKolaboratifdesc"), "Automated Testing"): Text 'Automated Testing' is set on object 'Object Repository/Page_Request Izin Tambahan Jam Kolaboratif/textarea_Keterangan_IzinKolaboratifdesc'

18-06-2024T14:05:41 - [MESSAGE][PASSED] - Text 'Automated Testing' is set on object 'Object Repository/Page_Request Izin Tambahan Jam Kolaboratif/textarea_Keterangan_IzinKolaboratifdesc'

18-06-2024T14:05:41 - [TEST_STEP][PASSED] - click(findTestObject("Object Repository/Page_Request Izin Tambahan Jam Kolaboratif/button_Buat Baru")): Object: 'Object Repository/Page_Request Izin Tambahan Jam Kolaboratif/button_Buat Baru' is clicked on

18-06-2024T14:05:41 - [MESSAGE][PASSED] - Object: 'Object Repository/Page_Request Izin Tambahan Jam Kolaboratif/button_Buat Baru' is clicked on

18-06-2024T14:05:41 - [TEST_STEP][PASSED] - closeBrowser(): Browser is closed

18-06-2024T14:05:41 - [MESSAGE][PASSED] - Browser is closed]]></system-out>
         <system-err><![CDATA[]]></system-err>
      </testcase>
      <testcase name="Test Cases/Asrama dan Kemahasiswaan/Izin Ruangan" time="15.206" classname="Test Cases/Asrama dan Kemahasiswaan/Izin Ruangan" status="PASSED">
         <system-out><![CDATA[18-06-2024T14:05:41 - [TEST_CASE][PASSED] - Test Cases/Asrama dan Kemahasiswaan/Izin Ruangan: Test Cases/Asrama dan Kemahasiswaan/Izin Ruangan

18-06-2024T14:05:41 - [TEST_STEP][PASSED] - openBrowser(""): Browser is opened with url: ''

18-06-2024T14:05:41 - [MESSAGE][INFO] - Starting 'Chrome' driver

18-06-2024T14:05:41 - [MESSAGE][INFO] - Action delay is set to 0 milliseconds

18-06-2024T14:05:42 - [MESSAGE][PASSED] - Browser is opened with url: ''

18-06-2024T14:05:42 - [TEST_STEP][PASSED] - navigateToUrl("https://cis.del.ac.id/user/login"): Navigate to 'https://cis.del.ac.id/user/login' successfully

18-06-2024T14:05:43 - [MESSAGE][PASSED] - Navigate to 'https://cis.del.ac.id/user/login' successfully

18-06-2024T14:05:43 - [TEST_STEP][PASSED] - setText(findTestObject("Object Repository/Page_Login/input_Username_LoginFormusername"), "if322061"): Text 'if322061' is set on object 'Object Repository/Page_Login/input_Username_LoginFormusername'

18-06-2024T14:05:44 - [MESSAGE][PASSED] - Text 'if322061' is set on object 'Object Repository/Page_Login/input_Username_LoginFormusername'

18-06-2024T14:05:44 - [TEST_STEP][PASSED] - setEncryptedText(findTestObject("Object Repository/Page_Login/input_Password_LoginFormpassword"), "r0h5FLeGCTYg+BkHRFNenXgKWnGicbHL"): Text ****** has been set on object 'Object Repository/Page_Login/input_Password_LoginFormpassword'

18-06-2024T14:05:44 - [MESSAGE][PASSED] - Text ****** has been set on object 'Object Repository/Page_Login/input_Password_LoginFormpassword'

18-06-2024T14:05:44 - [TEST_STEP][PASSED] - click(findTestObject("Object Repository/Page_Login/button_Sign In")): Object: 'Object Repository/Page_Login/button_Sign In' is clicked on

18-06-2024T14:05:44 - [MESSAGE][PASSED] - Object: 'Object Repository/Page_Login/button_Sign In' is clicked on

18-06-2024T14:05:44 - [TEST_STEP][PASSED] - click(findTestObject("Object Repository/Page_Dashboard/span_Asrama  Kemahasiswaan")): Object: 'Object Repository/Page_Dashboard/span_Asrama  Kemahasiswaan' is clicked on

18-06-2024T14:05:47 - [MESSAGE][PASSED] - Object: 'Object Repository/Page_Dashboard/span_Asrama  Kemahasiswaan' is clicked on

18-06-2024T14:05:47 - [TEST_STEP][PASSED] - click(findTestObject("Object Repository/Page_Dashboard/a_Izin Ruangan")): Object: 'Object Repository/Page_Dashboard/a_Izin Ruangan' is clicked on

18-06-2024T14:05:49 - [MESSAGE][PASSED] - Object: 'Object Repository/Page_Dashboard/a_Izin Ruangan' is clicked on

18-06-2024T14:05:49 - [TEST_STEP][PASSED] - click(findTestObject("Object Repository/Page_Izin Penggunaan Ruangan/a_Request")): Object: 'Object Repository/Page_Izin Penggunaan Ruangan/a_Request' is clicked on

18-06-2024T14:05:49 - [MESSAGE][PASSED] - Object: 'Object Repository/Page_Izin Penggunaan Ruangan/a_Request' is clicked on

18-06-2024T14:05:49 - [TEST_STEP][PASSED] - click(findTestObject("Object Repository/Page_Request Izin Penggunaan Ruangan/input_Rencana Mulai_IzinRuanganrencana_mulai")): Object: 'Object Repository/Page_Request Izin Penggunaan Ruangan/input_Rencana Mulai_IzinRuanganrencana_mulai' is clicked on

18-06-2024T14:05:50 - [MESSAGE][PASSED] - Object: 'Object Repository/Page_Request Izin Penggunaan Ruangan/input_Rencana Mulai_IzinRuanganrencana_mulai' is clicked on

18-06-2024T14:05:50 - [TEST_STEP][PASSED] - click(findTestObject("Object Repository/Page_Request Izin Penggunaan Ruangan/td_20")): Object: 'Object Repository/Page_Request Izin Penggunaan Ruangan/td_20' is clicked on

18-06-2024T14:05:50 - [MESSAGE][PASSED] - Object: 'Object Repository/Page_Request Izin Penggunaan Ruangan/td_20' is clicked on

18-06-2024T14:05:50 - [TEST_STEP][PASSED] - click(findTestObject("Object Repository/Page_Request Izin Penggunaan Ruangan/span_1000")): Object: 'Object Repository/Page_Request Izin Penggunaan Ruangan/span_1000' is clicked on

18-06-2024T14:05:51 - [MESSAGE][PASSED] - Object: 'Object Repository/Page_Request Izin Penggunaan Ruangan/span_1000' is clicked on

18-06-2024T14:05:51 - [TEST_STEP][PASSED] - click(findTestObject("Object Repository/Page_Request Izin Penggunaan Ruangan/span_1025")): Object: 'Object Repository/Page_Request Izin Penggunaan Ruangan/span_1025' is clicked on

18-06-2024T14:05:52 - [MESSAGE][PASSED] - Object: 'Object Repository/Page_Request Izin Penggunaan Ruangan/span_1025' is clicked on

18-06-2024T14:05:52 - [TEST_STEP][PASSED] - click(findTestObject("Object Repository/Page_Request Izin Penggunaan Ruangan/input_Rencana Berakhir_IzinRuanganrencana_berakhir")): Object: 'Object Repository/Page_Request Izin Penggunaan Ruangan/input_Rencana Berakhir_IzinRuanganrencana_berakhir' is clicked on

18-06-2024T14:05:52 - [MESSAGE][PASSED] - Object: 'Object Repository/Page_Request Izin Penggunaan Ruangan/input_Rencana Berakhir_IzinRuanganrencana_berakhir' is clicked on

18-06-2024T14:05:52 - [TEST_STEP][PASSED] - click(findTestObject("Object Repository/Page_Request Izin Penggunaan Ruangan/td_21")): Object: 'Object Repository/Page_Request Izin Penggunaan Ruangan/td_21' is clicked on

18-06-2024T14:05:53 - [MESSAGE][PASSED] - Object: 'Object Repository/Page_Request Izin Penggunaan Ruangan/td_21' is clicked on

18-06-2024T14:05:53 - [TEST_STEP][PASSED] - click(findTestObject("Object Repository/Page_Request Izin Penggunaan Ruangan/span_1100")): Object: 'Object Repository/Page_Request Izin Penggunaan Ruangan/span_1100' is clicked on

18-06-2024T14:05:53 - [MESSAGE][PASSED] - Object: 'Object Repository/Page_Request Izin Penggunaan Ruangan/span_1100' is clicked on

18-06-2024T14:05:53 - [TEST_STEP][PASSED] - click(findTestObject("Object Repository/Page_Request Izin Penggunaan Ruangan/span_1150")): Object: 'Object Repository/Page_Request Izin Penggunaan Ruangan/span_1150' is clicked on

18-06-2024T14:05:54 - [MESSAGE][PASSED] - Object: 'Object Repository/Page_Request Izin Penggunaan Ruangan/span_1150' is clicked on

18-06-2024T14:05:54 - [TEST_STEP][PASSED] - click(findTestObject("Object Repository/Page_Request Izin Penggunaan Ruangan/label_Keterangan")): Object: 'Object Repository/Page_Request Izin Penggunaan Ruangan/label_Keterangan' is clicked on

18-06-2024T14:05:54 - [MESSAGE][PASSED] - Object: 'Object Repository/Page_Request Izin Penggunaan Ruangan/label_Keterangan' is clicked on

18-06-2024T14:05:54 - [TEST_STEP][PASSED] - setText(findTestObject("Object Repository/Page_Request Izin Penggunaan Ruangan/textarea_Keterangan_IzinRuangandesc"), "Automated Testing"): Text 'Automated Testing' is set on object 'Object Repository/Page_Request Izin Penggunaan Ruangan/textarea_Keterangan_IzinRuangandesc'

18-06-2024T14:05:55 - [MESSAGE][PASSED] - Text 'Automated Testing' is set on object 'Object Repository/Page_Request Izin Penggunaan Ruangan/textarea_Keterangan_IzinRuangandesc'

18-06-2024T14:05:55 - [TEST_STEP][PASSED] - click(findTestObject("Object Repository/Page_Request Izin Penggunaan Ruangan/label_Lokasi")): Object: 'Object Repository/Page_Request Izin Penggunaan Ruangan/label_Lokasi' is clicked on

18-06-2024T14:05:55 - [MESSAGE][PASSED] - Object: 'Object Repository/Page_Request Izin Penggunaan Ruangan/label_Lokasi' is clicked on

18-06-2024T14:05:55 - [TEST_STEP][PASSED] - selectOptionByValue(findTestObject("Object Repository/Page_Request Izin Penggunaan Ruangan/select_Pilih RuanganGD512GD723AUDGD516GD714_0f9729"), "11", true): All options with value '11' are selected in object 'Object Repository/Page_Request Izin Penggunaan Ruangan/select_Pilih RuanganGD512GD723AUDGD516GD714_0f9729'  using regular expression

18-06-2024T14:05:56 - [MESSAGE][PASSED] - All options with value '11' are selected in object 'Object Repository/Page_Request Izin Penggunaan Ruangan/select_Pilih RuanganGD512GD723AUDGD516GD714_0f9729'  using regular expression

18-06-2024T14:05:56 - [TEST_STEP][PASSED] - click(findTestObject("Object Repository/Page_Request Izin Penggunaan Ruangan/button_Buat Baru")): Object: 'Object Repository/Page_Request Izin Penggunaan Ruangan/button_Buat Baru' is clicked on

18-06-2024T14:05:56 - [MESSAGE][PASSED] - Object: 'Object Repository/Page_Request Izin Penggunaan Ruangan/button_Buat Baru' is clicked on

18-06-2024T14:05:56 - [TEST_STEP][PASSED] - closeBrowser(): Browser is closed

18-06-2024T14:05:56 - [MESSAGE][PASSED] - Browser is closed]]></system-out>
         <system-err><![CDATA[]]></system-err>
      </testcase>
      <testcase name="Test Cases/Asrama dan Kemahasiswaan/Izin Bermalam" time="8.9" classname="Test Cases/Asrama dan Kemahasiswaan/Izin Bermalam" status="FAILED">
         <failure type="FAILED" message="Test Cases/Asrama dan Kemahasiswaan/Izin Bermalam FAILED.&#xa;Reason:&#xa;com.kms.katalon.core.exception.StepFailedException: Unable to click on object&#xa;	at com.kms.katalon.core.webui.keyword.internal.WebUIKeywordMain.stepFailed(WebUIKeywordMain.groovy:64)&#xa;	at com.kms.katalon.core.webui.keyword.internal.WebUIKeywordMain.runKeyword(WebUIKeywordMain.groovy:26)&#xa;	at com.kms.katalon.core.webui.keyword.builtin.ClickKeyword.click(ClickKeyword.groovy:74)&#xa;	at com.kms.katalon.core.webui.keyword.builtin.ClickKeyword.execute(ClickKeyword.groovy:40)&#xa;	at com.kms.katalon.core.keyword.internal.KeywordExecutor.executeKeywordForPlatform(KeywordExecutor.groovy:74)&#xa;	at com.kms.katalon.core.webui.keyword.WebUiBuiltInKeywords.click(WebUiBuiltInKeywords.groovy:659)&#xa;	at Izin Bermalam.run(Izin Bermalam:42)&#xa;	at com.kms.katalon.core.main.ScriptEngine.run(ScriptEngine.java:194)&#xa;	at com.kms.katalon.core.main.ScriptEngine.runScriptAsRawText(ScriptEngine.java:119)&#xa;	at com.kms.katalon.core.main.TestCaseExecutor.runScript(TestCaseExecutor.java:448)&#xa;	at com.kms.katalon.core.main.TestCaseExecutor.doExecute(TestCaseExecutor.java:439)&#xa;	at com.kms.katalon.core.main.TestCaseExecutor.processExecutionPhase(TestCaseExecutor.java:418)&#xa;	at com.kms.katalon.core.main.TestCaseExecutor.accessMainPhase(TestCaseExecutor.java:410)&#xa;	at com.kms.katalon.core.main.TestCaseExecutor.execute(TestCaseExecutor.java:285)&#xa;	at com.kms.katalon.core.main.TestCaseExecutor.execute(TestCaseExecutor.java:369)&#xa;	at com.kms.katalon.core.main.TestCaseExecutor.execute(TestCaseExecutor.java:369)&#xa;	at com.kms.katalon.core.main.TestCaseExecutor.execute(TestCaseExecutor.java:369)&#xa;	at com.kms.katalon.core.common.CommonExecutor.accessTestCaseMainPhase(CommonExecutor.java:65)&#xa;	at com.kms.katalon.core.main.TestSuiteExecutor.accessTestSuiteMainPhase(TestSuiteExecutor.java:150)&#xa;	at com.kms.katalon.core.main.TestSuiteExecutor.execute(TestSuiteExecutor.java:106)&#xa;	at com.kms.katalon.core.main.TestCaseMain.startTestSuite(TestCaseMain.java:180)&#xa;	at TempTestSuite1718694323650.run(TempTestSuite1718694323650.groovy:35)&#xa;	at java.base/jdk.internal.reflect.NativeMethodAccessorImpl.invoke0(Native Method)&#xa;	at java.base/jdk.internal.reflect.NativeMethodAccessorImpl.invoke(NativeMethodAccessorImpl.java:77)&#xa;	at java.base/jdk.internal.reflect.DelegatingMethodAccessorImpl.invoke(DelegatingMethodAccessorImpl.java:43)&#xa;Caused by: java.lang.IllegalArgumentException: Object is null&#xa;	at com.kms.katalon.core.helper.KeywordHelper.checkTestObjectParameter(KeywordHelper.java:33)&#xa;	at com.kms.katalon.core.webui.keyword.builtin.ClickKeyword$_click_closure1.doCall(ClickKeyword.groovy:62)&#xa;	at com.kms.katalon.core.webui.keyword.builtin.ClickKeyword$_click_closure1.call(ClickKeyword.groovy)&#xa;	at com.kms.katalon.core.webui.keyword.internal.WebUIKeywordMain.runKeyword(WebUIKeywordMain.groovy:20)&#xa;	... 23 more&#xa;"/>
         <system-out><![CDATA[18-06-2024T14:06:23 - [TEST_CASE][FAILED] - Test Cases/Asrama dan Kemahasiswaan/Izin Bermalam: Test Cases/Asrama dan Kemahasiswaan/Izin Bermalam FAILED.
Reason:
com.kms.katalon.core.exception.StepFailedException: Unable to click on object
	at com.kms.katalon.core.webui.keyword.internal.WebUIKeywordMain.stepFailed(WebUIKeywordMain.groovy:64)
	at com.kms.katalon.core.webui.keyword.internal.WebUIKeywordMain.runKeyword(WebUIKeywordMain.groovy:26)
	at com.kms.katalon.core.webui.keyword.builtin.ClickKeyword.click(ClickKeyword.groovy:74)
	at com.kms.katalon.core.webui.keyword.builtin.ClickKeyword.execute(ClickKeyword.groovy:40)
	at com.kms.katalon.core.keyword.internal.KeywordExecutor.executeKeywordForPlatform(KeywordExecutor.groovy:74)
	at com.kms.katalon.core.webui.keyword.WebUiBuiltInKeywords.click(WebUiBuiltInKeywords.groovy:659)
	at Izin Bermalam.run(Izin Bermalam:42)
	at com.kms.katalon.core.main.ScriptEngine.run(ScriptEngine.java:194)
	at com.kms.katalon.core.main.ScriptEngine.runScriptAsRawText(ScriptEngine.java:119)
	at com.kms.katalon.core.main.TestCaseExecutor.runScript(TestCaseExecutor.java:448)
	at com.kms.katalon.core.main.TestCaseExecutor.doExecute(TestCaseExecutor.java:439)
	at com.kms.katalon.core.main.TestCaseExecutor.processExecutionPhase(TestCaseExecutor.java:418)
	at com.kms.katalon.core.main.TestCaseExecutor.accessMainPhase(TestCaseExecutor.java:410)
	at com.kms.katalon.core.main.TestCaseExecutor.execute(TestCaseExecutor.java:285)
	at com.kms.katalon.core.main.TestCaseExecutor.execute(TestCaseExecutor.java:369)
	at com.kms.katalon.core.main.TestCaseExecutor.execute(TestCaseExecutor.java:369)
	at com.kms.katalon.core.main.TestCaseExecutor.execute(TestCaseExecutor.java:369)
	at com.kms.katalon.core.common.CommonExecutor.accessTestCaseMainPhase(CommonExecutor.java:65)
	at com.kms.katalon.core.main.TestSuiteExecutor.accessTestSuiteMainPhase(TestSuiteExecutor.java:150)
	at com.kms.katalon.core.main.TestSuiteExecutor.execute(TestSuiteExecutor.java:106)
	at com.kms.katalon.core.main.TestCaseMain.startTestSuite(TestCaseMain.java:180)
	at TempTestSuite1718694323650.run(TempTestSuite1718694323650.groovy:35)
	at java.base/jdk.internal.reflect.NativeMethodAccessorImpl.invoke0(Native Method)
	at java.base/jdk.internal.reflect.NativeMethodAccessorImpl.invoke(NativeMethodAccessorImpl.java:77)
	at java.base/jdk.internal.reflect.DelegatingMethodAccessorImpl.invoke(DelegatingMethodAccessorImpl.java:43)
Caused by: java.lang.IllegalArgumentException: Object is null
	at com.kms.katalon.core.helper.KeywordHelper.checkTestObjectParameter(KeywordHelper.java:33)
	at com.kms.katalon.core.webui.keyword.builtin.ClickKeyword$_click_closure1.doCall(ClickKeyword.groovy:62)
	at com.kms.katalon.core.webui.keyword.builtin.ClickKeyword$_click_closure1.call(ClickKeyword.groovy)
	at com.kms.katalon.core.webui.keyword.internal.WebUIKeywordMain.runKeyword(WebUIKeywordMain.groovy:20)
	... 23 more


18-06-2024T14:06:23 - [TEST_STEP][PASSED] - openBrowser(""): Browser is opened with url: ''

18-06-2024T14:06:23 - [MESSAGE][WARNING] - A browser is already opened. Closing browser and opening a new one

18-06-2024T14:06:23 - [MESSAGE][INFO] - Starting 'Chrome' driver

18-06-2024T14:06:23 - [MESSAGE][INFO] - Action delay is set to 0 milliseconds

18-06-2024T14:06:24 - [MESSAGE][PASSED] - Browser is opened with url: ''

18-06-2024T14:06:24 - [TEST_STEP][PASSED] - navigateToUrl("https://cis.del.ac.id/user/login"): Navigate to 'https://cis.del.ac.id/user/login' successfully

18-06-2024T14:06:25 - [MESSAGE][PASSED] - Navigate to 'https://cis.del.ac.id/user/login' successfully

18-06-2024T14:06:25 - [TEST_STEP][PASSED] - setText(findTestObject("Object Repository/Page_Login/input_Username_LoginFormusername"), "if322061"): Text 'if322061' is set on object 'Object Repository/Page_Login/input_Username_LoginFormusername'

18-06-2024T14:06:25 - [MESSAGE][PASSED] - Text 'if322061' is set on object 'Object Repository/Page_Login/input_Username_LoginFormusername'

18-06-2024T14:06:25 - [TEST_STEP][PASSED] - setEncryptedText(findTestObject("Object Repository/Page_Login/input_Password_LoginFormpassword"), "r0h5FLeGCTYg+BkHRFNenXgKWnGicbHL"): Text ****** has been set on object 'Object Repository/Page_Login/input_Password_LoginFormpassword'

18-06-2024T14:06:26 - [MESSAGE][PASSED] - Text ****** has been set on object 'Object Repository/Page_Login/input_Password_LoginFormpassword'

18-06-2024T14:06:26 - [TEST_STEP][PASSED] - click(findTestObject("Object Repository/Page_Login/button_Sign In")): Object: 'Object Repository/Page_Login/button_Sign In' is clicked on

18-06-2024T14:06:26 - [MESSAGE][PASSED] - Object: 'Object Repository/Page_Login/button_Sign In' is clicked on

18-06-2024T14:06:26 - [TEST_STEP][PASSED] - click(findTestObject("Object Repository/Page_Dashboard/span_Asrama  Kemahasiswaan")): Object: 'Object Repository/Page_Dashboard/span_Asrama  Kemahasiswaan' is clicked on

18-06-2024T14:06:29 - [MESSAGE][PASSED] - Object: 'Object Repository/Page_Dashboard/span_Asrama  Kemahasiswaan' is clicked on

18-06-2024T14:06:29 - [TEST_STEP][PASSED] - click(findTestObject("Object Repository/Page_Dashboard/a_Izin Bermalam")): Object: 'Object Repository/Page_Dashboard/a_Izin Bermalam' is clicked on

18-06-2024T14:06:29 - [MESSAGE][PASSED] - Object: 'Object Repository/Page_Dashboard/a_Izin Bermalam' is clicked on

18-06-2024T14:06:29 - [TEST_STEP][PASSED] - click(findTestObject("Object Repository/Page_Izin Bermalam/span_Request IB")): Object: 'Object Repository/Page_Izin Bermalam/span_Request IB' is clicked on

18-06-2024T14:06:30 - [MESSAGE][PASSED] - Object: 'Object Repository/Page_Izin Bermalam/span_Request IB' is clicked on

18-06-2024T14:06:30 - [TEST_STEP][PASSED] - click(findTestObject("Object Repository/Page_Request Izin Bermalam/input_Rencana Berangkat_IzinBermalamrencana_2b76db")): Object: 'Object Repository/Page_Request Izin Bermalam/input_Rencana Berangkat_IzinBermalamrencana_2b76db' is clicked on

18-06-2024T14:06:31 - [MESSAGE][PASSED] - Object: 'Object Repository/Page_Request Izin Bermalam/input_Rencana Berangkat_IzinBermalamrencana_2b76db' is clicked on

18-06-2024T14:06:31 - [TEST_STEP][PASSED] - click(findTestObject("Object Repository/Page_Request Izin Bermalam/td_20")): Object: 'Object Repository/Page_Request Izin Bermalam/td_20' is clicked on

18-06-2024T14:06:31 - [MESSAGE][PASSED] - Object: 'Object Repository/Page_Request Izin Bermalam/td_20' is clicked on

18-06-2024T14:06:31 - [TEST_STEP][PASSED] - click(findTestObject("Object Repository/Page_Request Izin Bermalam/span_1800")): Object: 'Object Repository/Page_Request Izin Bermalam/span_1800' is clicked on

18-06-2024T14:06:32 - [MESSAGE][PASSED] - Object: 'Object Repository/Page_Request Izin Bermalam/span_1800' is clicked on

18-06-2024T14:06:32 - [TEST_STEP][FAILED] - click(findTestObject("Object Repository/Page_Request Izin Bermalam/span_1830")): Unable to click on object (Root cause: com.kms.katalon.core.exception.StepFailedException: Unable to click on object
	at com.kms.katalon.core.webui.keyword.internal.WebUIKeywordMain.stepFailed(WebUIKeywordMain.groovy:64)
	at com.kms.katalon.core.webui.keyword.internal.WebUIKeywordMain.runKeyword(WebUIKeywordMain.groovy:26)
	at com.kms.katalon.core.webui.keyword.builtin.ClickKeyword.click(ClickKeyword.groovy:74)
	at com.kms.katalon.core.webui.keyword.builtin.ClickKeyword.execute(ClickKeyword.groovy:40)
	at com.kms.katalon.core.keyword.internal.KeywordExecutor.executeKeywordForPlatform(KeywordExecutor.groovy:74)
	at com.kms.katalon.core.webui.keyword.WebUiBuiltInKeywords.click(WebUiBuiltInKeywords.groovy:659)
	at Izin Bermalam.run(Izin Bermalam:42)
	at com.kms.katalon.core.main.ScriptEngine.run(ScriptEngine.java:194)
	at com.kms.katalon.core.main.ScriptEngine.runScriptAsRawText(ScriptEngine.java:119)
	at com.kms.katalon.core.main.TestCaseExecutor.runScript(TestCaseExecutor.java:448)
	at com.kms.katalon.core.main.TestCaseExecutor.doExecute(TestCaseExecutor.java:439)
	at com.kms.katalon.core.main.TestCaseExecutor.processExecutionPhase(TestCaseExecutor.java:418)
	at com.kms.katalon.core.main.TestCaseExecutor.accessMainPhase(TestCaseExecutor.java:410)
	at com.kms.katalon.core.main.TestCaseExecutor.execute(TestCaseExecutor.java:285)
	at com.kms.katalon.core.main.TestCaseExecutor.execute(TestCaseExecutor.java:369)
	at com.kms.katalon.core.main.TestCaseExecutor.execute(TestCaseExecutor.java:369)
	at com.kms.katalon.core.main.TestCaseExecutor.execute(TestCaseExecutor.java:369)
	at com.kms.katalon.core.common.CommonExecutor.accessTestCaseMainPhase(CommonExecutor.java:65)
	at com.kms.katalon.core.main.TestSuiteExecutor.accessTestSuiteMainPhase(TestSuiteExecutor.java:150)
	at com.kms.katalon.core.main.TestSuiteExecutor.execute(TestSuiteExecutor.java:106)
	at com.kms.katalon.core.main.TestCaseMain.startTestSuite(TestCaseMain.java:180)
	at TempTestSuite1718694323650.run(TempTestSuite1718694323650.groovy:35)
	at java.base/jdk.internal.reflect.NativeMethodAccessorImpl.invoke0(Native Method)
	at java.base/jdk.internal.reflect.NativeMethodAccessorImpl.invoke(NativeMethodAccessorImpl.java:77)
	at java.base/jdk.internal.reflect.DelegatingMethodAccessorImpl.invoke(DelegatingMethodAccessorImpl.java:43)
Caused by: java.lang.IllegalArgumentException: Object is null
	at com.kms.katalon.core.helper.KeywordHelper.checkTestObjectParameter(KeywordHelper.java:33)
	at com.kms.katalon.core.webui.keyword.builtin.ClickKeyword$_click_closure1.doCall(ClickKeyword.groovy:62)
	at com.kms.katalon.core.webui.keyword.builtin.ClickKeyword$_click_closure1.call(ClickKeyword.groovy)
	at com.kms.katalon.core.webui.keyword.internal.WebUIKeywordMain.runKeyword(WebUIKeywordMain.groovy:20)
	at com.kms.katalon.core.webui.keyword.builtin.ClickKeyword.click(ClickKeyword.groovy:74)
	at com.kms.katalon.core.webui.keyword.builtin.ClickKeyword.execute(ClickKeyword.groovy:40)
	at com.kms.katalon.core.keyword.internal.KeywordExecutor.executeKeywordForPlatform(KeywordExecutor.groovy:74)
	at com.kms.katalon.core.webui.keyword.WebUiBuiltInKeywords.click(WebUiBuiltInKeywords.groovy:659)
	at Script1718691115355.run(Script1718691115355.groovy:42)
	... 18 more
)

18-06-2024T14:06:32 - [MESSAGE][WARNING] - Test object with id 'Object Repository/Page_Request Izin Bermalam/span_1830' does not exist

18-06-2024T14:06:32 - [MESSAGE][WARNING] - Test object with id 'Object Repository/' does not exist

18-06-2024T14:06:32 - [MESSAGE][FAILED] - Unable to click on object (Root cause: com.kms.katalon.core.exception.StepFailedException: Unable to click on object
	at com.kms.katalon.core.webui.keyword.internal.WebUIKeywordMain.stepFailed(WebUIKeywordMain.groovy:64)
	at com.kms.katalon.core.webui.keyword.internal.WebUIKeywordMain.runKeyword(WebUIKeywordMain.groovy:26)
	at com.kms.katalon.core.webui.keyword.builtin.ClickKeyword.click(ClickKeyword.groovy:74)
	at com.kms.katalon.core.webui.keyword.builtin.ClickKeyword.execute(ClickKeyword.groovy:40)
	at com.kms.katalon.core.keyword.internal.KeywordExecutor.executeKeywordForPlatform(KeywordExecutor.groovy:74)
	at com.kms.katalon.core.webui.keyword.WebUiBuiltInKeywords.click(WebUiBuiltInKeywords.groovy:659)
	at Izin Bermalam.run(Izin Bermalam:42)
	at com.kms.katalon.core.main.ScriptEngine.run(ScriptEngine.java:194)
	at com.kms.katalon.core.main.ScriptEngine.runScriptAsRawText(ScriptEngine.java:119)
	at com.kms.katalon.core.main.TestCaseExecutor.runScript(TestCaseExecutor.java:448)
	at com.kms.katalon.core.main.TestCaseExecutor.doExecute(TestCaseExecutor.java:439)
	at com.kms.katalon.core.main.TestCaseExecutor.processExecutionPhase(TestCaseExecutor.java:418)
	at com.kms.katalon.core.main.TestCaseExecutor.accessMainPhase(TestCaseExecutor.java:410)
	at com.kms.katalon.core.main.TestCaseExecutor.execute(TestCaseExecutor.java:285)
	at com.kms.katalon.core.main.TestCaseExecutor.execute(TestCaseExecutor.java:369)
	at com.kms.katalon.core.main.TestCaseExecutor.execute(TestCaseExecutor.java:369)
	at com.kms.katalon.core.main.TestCaseExecutor.execute(TestCaseExecutor.java:369)
	at com.kms.katalon.core.common.CommonExecutor.accessTestCaseMainPhase(CommonExecutor.java:65)
	at com.kms.katalon.core.main.TestSuiteExecutor.accessTestSuiteMainPhase(TestSuiteExecutor.java:150)
	at com.kms.katalon.core.main.TestSuiteExecutor.execute(TestSuiteExecutor.java:106)
	at com.kms.katalon.core.main.TestCaseMain.startTestSuite(TestCaseMain.java:180)
	at TempTestSuite1718694323650.run(TempTestSuite1718694323650.groovy:35)
	at java.base/jdk.internal.reflect.NativeMethodAccessorImpl.invoke0(Native Method)
	at java.base/jdk.internal.reflect.NativeMethodAccessorImpl.invoke(NativeMethodAccessorImpl.java:77)
	at java.base/jdk.internal.reflect.DelegatingMethodAccessorImpl.invoke(DelegatingMethodAccessorImpl.java:43)
Caused by: java.lang.IllegalArgumentException: Object is null
	at com.kms.katalon.core.helper.KeywordHelper.checkTestObjectParameter(KeywordHelper.java:33)
	at com.kms.katalon.core.webui.keyword.builtin.ClickKeyword$_click_closure1.doCall(ClickKeyword.groovy:62)
	at com.kms.katalon.core.webui.keyword.builtin.ClickKeyword$_click_closure1.call(ClickKeyword.groovy)
	at com.kms.katalon.core.webui.keyword.internal.WebUIKeywordMain.runKeyword(WebUIKeywordMain.groovy:20)
	at com.kms.katalon.core.webui.keyword.builtin.ClickKeyword.click(ClickKeyword.groovy:74)
	at com.kms.katalon.core.webui.keyword.builtin.ClickKeyword.execute(ClickKeyword.groovy:40)
	at com.kms.katalon.core.keyword.internal.KeywordExecutor.executeKeywordForPlatform(KeywordExecutor.groovy:74)
	at com.kms.katalon.core.webui.keyword.WebUiBuiltInKeywords.click(WebUiBuiltInKeywords.groovy:659)
	at Script1718691115355.run(Script1718691115355.groovy:42)
	... 18 more
)
[[ATTACHMENT|/Users/foundation-011/Katalon Studio/Pengujian CIS IT Del/Reports/20240618_140522/Testing Automated/20240618_140523/1718694392430.png]]]]></system-out>
         <system-err><![CDATA[18-06-2024T14:06:23 - [TEST_CASE][FAILED] - Test Cases/Asrama dan Kemahasiswaan/Izin Bermalam: Test Cases/Asrama dan Kemahasiswaan/Izin Bermalam FAILED.
Reason:
com.kms.katalon.core.exception.StepFailedException: Unable to click on object
	at com.kms.katalon.core.webui.keyword.internal.WebUIKeywordMain.stepFailed(WebUIKeywordMain.groovy:64)
	at com.kms.katalon.core.webui.keyword.internal.WebUIKeywordMain.runKeyword(WebUIKeywordMain.groovy:26)
	at com.kms.katalon.core.webui.keyword.builtin.ClickKeyword.click(ClickKeyword.groovy:74)
	at com.kms.katalon.core.webui.keyword.builtin.ClickKeyword.execute(ClickKeyword.groovy:40)
	at com.kms.katalon.core.keyword.internal.KeywordExecutor.executeKeywordForPlatform(KeywordExecutor.groovy:74)
	at com.kms.katalon.core.webui.keyword.WebUiBuiltInKeywords.click(WebUiBuiltInKeywords.groovy:659)
	at Izin Bermalam.run(Izin Bermalam:42)
	at com.kms.katalon.core.main.ScriptEngine.run(ScriptEngine.java:194)
	at com.kms.katalon.core.main.ScriptEngine.runScriptAsRawText(ScriptEngine.java:119)
	at com.kms.katalon.core.main.TestCaseExecutor.runScript(TestCaseExecutor.java:448)
	at com.kms.katalon.core.main.TestCaseExecutor.doExecute(TestCaseExecutor.java:439)
	at com.kms.katalon.core.main.TestCaseExecutor.processExecutionPhase(TestCaseExecutor.java:418)
	at com.kms.katalon.core.main.TestCaseExecutor.accessMainPhase(TestCaseExecutor.java:410)
	at com.kms.katalon.core.main.TestCaseExecutor.execute(TestCaseExecutor.java:285)
	at com.kms.katalon.core.main.TestCaseExecutor.execute(TestCaseExecutor.java:369)
	at com.kms.katalon.core.main.TestCaseExecutor.execute(TestCaseExecutor.java:369)
	at com.kms.katalon.core.main.TestCaseExecutor.execute(TestCaseExecutor.java:369)
	at com.kms.katalon.core.common.CommonExecutor.accessTestCaseMainPhase(CommonExecutor.java:65)
	at com.kms.katalon.core.main.TestSuiteExecutor.accessTestSuiteMainPhase(TestSuiteExecutor.java:150)
	at com.kms.katalon.core.main.TestSuiteExecutor.execute(TestSuiteExecutor.java:106)
	at com.kms.katalon.core.main.TestCaseMain.startTestSuite(TestCaseMain.java:180)
	at TempTestSuite1718694323650.run(TempTestSuite1718694323650.groovy:35)
	at java.base/jdk.internal.reflect.NativeMethodAccessorImpl.invoke0(Native Method)
	at java.base/jdk.internal.reflect.NativeMethodAccessorImpl.invoke(NativeMethodAccessorImpl.java:77)
	at java.base/jdk.internal.reflect.DelegatingMethodAccessorImpl.invoke(DelegatingMethodAccessorImpl.java:43)
Caused by: java.lang.IllegalArgumentException: Object is null
	at com.kms.katalon.core.helper.KeywordHelper.checkTestObjectParameter(KeywordHelper.java:33)
	at com.kms.katalon.core.webui.keyword.builtin.ClickKeyword$_click_closure1.doCall(ClickKeyword.groovy:62)
	at com.kms.katalon.core.webui.keyword.builtin.ClickKeyword$_click_closure1.call(ClickKeyword.groovy)
	at com.kms.katalon.core.webui.keyword.internal.WebUIKeywordMain.runKeyword(WebUIKeywordMain.groovy:20)
	... 23 more]]></system-err>
      </testcase>
      <testcase name="Test Cases/Asrama dan Kemahasiswaan/Izin Keluar" time="8.766" classname="Test Cases/Asrama dan Kemahasiswaan/Izin Keluar" status="FAILED">
         <failure type="FAILED" message="Test Cases/Asrama dan Kemahasiswaan/Izin Keluar FAILED.&#xa;Reason:&#xa;com.kms.katalon.core.exception.StepFailedException: Unable to click on object&#xa;	at com.kms.katalon.core.webui.keyword.internal.WebUIKeywordMain.stepFailed(WebUIKeywordMain.groovy:64)&#xa;	at com.kms.katalon.core.webui.keyword.internal.WebUIKeywordMain.runKeyword(WebUIKeywordMain.groovy:26)&#xa;	at com.kms.katalon.core.webui.keyword.builtin.ClickKeyword.click(ClickKeyword.groovy:74)&#xa;	at com.kms.katalon.core.webui.keyword.builtin.ClickKeyword.execute(ClickKeyword.groovy:40)&#xa;	at com.kms.katalon.core.keyword.internal.KeywordExecutor.executeKeywordForPlatform(KeywordExecutor.groovy:74)&#xa;	at com.kms.katalon.core.webui.keyword.WebUiBuiltInKeywords.click(WebUiBuiltInKeywords.groovy:659)&#xa;	at Izin Keluar.run(Izin Keluar:42)&#xa;	at com.kms.katalon.core.main.ScriptEngine.run(ScriptEngine.java:194)&#xa;	at com.kms.katalon.core.main.ScriptEngine.runScriptAsRawText(ScriptEngine.java:119)&#xa;	at com.kms.katalon.core.main.TestCaseExecutor.runScript(TestCaseExecutor.java:448)&#xa;	at com.kms.katalon.core.main.TestCaseExecutor.doExecute(TestCaseExecutor.java:439)&#xa;	at com.kms.katalon.core.main.TestCaseExecutor.processExecutionPhase(TestCaseExecutor.java:418)&#xa;	at com.kms.katalon.core.main.TestCaseExecutor.accessMainPhase(TestCaseExecutor.java:410)&#xa;	at com.kms.katalon.core.main.TestCaseExecutor.execute(TestCaseExecutor.java:285)&#xa;	at com.kms.katalon.core.main.TestCaseExecutor.execute(TestCaseExecutor.java:369)&#xa;	at com.kms.katalon.core.main.TestCaseExecutor.execute(TestCaseExecutor.java:369)&#xa;	at com.kms.katalon.core.main.TestCaseExecutor.execute(TestCaseExecutor.java:369)&#xa;	at com.kms.katalon.core.common.CommonExecutor.accessTestCaseMainPhase(CommonExecutor.java:65)&#xa;	at com.kms.katalon.core.main.TestSuiteExecutor.accessTestSuiteMainPhase(TestSuiteExecutor.java:150)&#xa;	at com.kms.katalon.core.main.TestSuiteExecutor.execute(TestSuiteExecutor.java:106)&#xa;	at com.kms.katalon.core.main.TestCaseMain.startTestSuite(TestCaseMain.java:180)&#xa;	at TempTestSuite1718694323650.run(TempTestSuite1718694323650.groovy:35)&#xa;	at java.base/jdk.internal.reflect.NativeMethodAccessorImpl.invoke0(Native Method)&#xa;	at java.base/jdk.internal.reflect.NativeMethodAccessorImpl.invoke(NativeMethodAccessorImpl.java:77)&#xa;	at java.base/jdk.internal.reflect.DelegatingMethodAccessorImpl.invoke(DelegatingMethodAccessorImpl.java:43)&#xa;Caused by: java.lang.IllegalArgumentException: Object is null&#xa;	at com.kms.katalon.core.helper.KeywordHelper.checkTestObjectParameter(KeywordHelper.java:33)&#xa;	at com.kms.katalon.core.webui.keyword.builtin.ClickKeyword$_click_closure1.doCall(ClickKeyword.groovy:62)&#xa;	at com.kms.katalon.core.webui.keyword.builtin.ClickKeyword$_click_closure1.call(ClickKeyword.groovy)&#xa;	at com.kms.katalon.core.webui.keyword.internal.WebUIKeywordMain.runKeyword(WebUIKeywordMain.groovy:20)&#xa;	... 23 more&#xa;"/>
         <system-out><![CDATA[18-06-2024T14:07:07 - [TEST_CASE][FAILED] - Test Cases/Asrama dan Kemahasiswaan/Izin Keluar: Test Cases/Asrama dan Kemahasiswaan/Izin Keluar FAILED.
Reason:
com.kms.katalon.core.exception.StepFailedException: Unable to click on object
	at com.kms.katalon.core.webui.keyword.internal.WebUIKeywordMain.stepFailed(WebUIKeywordMain.groovy:64)
	at com.kms.katalon.core.webui.keyword.internal.WebUIKeywordMain.runKeyword(WebUIKeywordMain.groovy:26)
	at com.kms.katalon.core.webui.keyword.builtin.ClickKeyword.click(ClickKeyword.groovy:74)
	at com.kms.katalon.core.webui.keyword.builtin.ClickKeyword.execute(ClickKeyword.groovy:40)
	at com.kms.katalon.core.keyword.internal.KeywordExecutor.executeKeywordForPlatform(KeywordExecutor.groovy:74)
	at com.kms.katalon.core.webui.keyword.WebUiBuiltInKeywords.click(WebUiBuiltInKeywords.groovy:659)
	at Izin Keluar.run(Izin Keluar:42)
	at com.kms.katalon.core.main.ScriptEngine.run(ScriptEngine.java:194)
	at com.kms.katalon.core.main.ScriptEngine.runScriptAsRawText(ScriptEngine.java:119)
	at com.kms.katalon.core.main.TestCaseExecutor.runScript(TestCaseExecutor.java:448)
	at com.kms.katalon.core.main.TestCaseExecutor.doExecute(TestCaseExecutor.java:439)
	at com.kms.katalon.core.main.TestCaseExecutor.processExecutionPhase(TestCaseExecutor.java:418)
	at com.kms.katalon.core.main.TestCaseExecutor.accessMainPhase(TestCaseExecutor.java:410)
	at com.kms.katalon.core.main.TestCaseExecutor.execute(TestCaseExecutor.java:285)
	at com.kms.katalon.core.main.TestCaseExecutor.execute(TestCaseExecutor.java:369)
	at com.kms.katalon.core.main.TestCaseExecutor.execute(TestCaseExecutor.java:369)
	at com.kms.katalon.core.main.TestCaseExecutor.execute(TestCaseExecutor.java:369)
	at com.kms.katalon.core.common.CommonExecutor.accessTestCaseMainPhase(CommonExecutor.java:65)
	at com.kms.katalon.core.main.TestSuiteExecutor.accessTestSuiteMainPhase(TestSuiteExecutor.java:150)
	at com.kms.katalon.core.main.TestSuiteExecutor.execute(TestSuiteExecutor.java:106)
	at com.kms.katalon.core.main.TestCaseMain.startTestSuite(TestCaseMain.java:180)
	at TempTestSuite1718694323650.run(TempTestSuite1718694323650.groovy:35)
	at java.base/jdk.internal.reflect.NativeMethodAccessorImpl.invoke0(Native Method)
	at java.base/jdk.internal.reflect.NativeMethodAccessorImpl.invoke(NativeMethodAccessorImpl.java:77)
	at java.base/jdk.internal.reflect.DelegatingMethodAccessorImpl.invoke(DelegatingMethodAccessorImpl.java:43)
Caused by: java.lang.IllegalArgumentException: Object is null
	at com.kms.katalon.core.helper.KeywordHelper.checkTestObjectParameter(KeywordHelper.java:33)
	at com.kms.katalon.core.webui.keyword.builtin.ClickKeyword$_click_closure1.doCall(ClickKeyword.groovy:62)
	at com.kms.katalon.core.webui.keyword.builtin.ClickKeyword$_click_closure1.call(ClickKeyword.groovy)
	at com.kms.katalon.core.webui.keyword.internal.WebUIKeywordMain.runKeyword(WebUIKeywordMain.groovy:20)
	... 23 more


18-06-2024T14:07:07 - [TEST_STEP][PASSED] - openBrowser(""): Browser is opened with url: ''

18-06-2024T14:07:07 - [MESSAGE][WARNING] - A browser is already opened. Closing browser and opening a new one

18-06-2024T14:07:07 - [MESSAGE][INFO] - Starting 'Chrome' driver

18-06-2024T14:07:07 - [MESSAGE][INFO] - Action delay is set to 0 milliseconds

18-06-2024T14:07:08 - [MESSAGE][PASSED] - Browser is opened with url: ''

18-06-2024T14:07:08 - [TEST_STEP][PASSED] - navigateToUrl("https://cis.del.ac.id/user/login"): Navigate to 'https://cis.del.ac.id/user/login' successfully

18-06-2024T14:07:09 - [MESSAGE][PASSED] - Navigate to 'https://cis.del.ac.id/user/login' successfully

18-06-2024T14:07:09 - [TEST_STEP][PASSED] - setText(findTestObject("Object Repository/Page_Login/input_Username_LoginFormusername"), "if322061"): Text 'if322061' is set on object 'Object Repository/Page_Login/input_Username_LoginFormusername'

18-06-2024T14:07:10 - [MESSAGE][PASSED] - Text 'if322061' is set on object 'Object Repository/Page_Login/input_Username_LoginFormusername'

18-06-2024T14:07:10 - [TEST_STEP][PASSED] - setEncryptedText(findTestObject("Object Repository/Page_Login/input_Password_LoginFormpassword"), "r0h5FLeGCTYg+BkHRFNenXgKWnGicbHL"): Text ****** has been set on object 'Object Repository/Page_Login/input_Password_LoginFormpassword'

18-06-2024T14:07:10 - [MESSAGE][PASSED] - Text ****** has been set on object 'Object Repository/Page_Login/input_Password_LoginFormpassword'

18-06-2024T14:07:10 - [TEST_STEP][PASSED] - click(findTestObject("Object Repository/Page_Login/button_Sign In")): Object: 'Object Repository/Page_Login/button_Sign In' is clicked on

18-06-2024T14:07:10 - [MESSAGE][PASSED] - Object: 'Object Repository/Page_Login/button_Sign In' is clicked on

18-06-2024T14:07:10 - [TEST_STEP][PASSED] - click(findTestObject("Object Repository/Page_Dashboard/a_Asrama  Kemahasiswaan")): Object: 'Object Repository/Page_Dashboard/a_Asrama  Kemahasiswaan' is clicked on

18-06-2024T14:07:12 - [MESSAGE][PASSED] - Object: 'Object Repository/Page_Dashboard/a_Asrama  Kemahasiswaan' is clicked on

18-06-2024T14:07:12 - [TEST_STEP][PASSED] - click(findTestObject("Object Repository/Page_Dashboard/a_Izin Keluar")): Object: 'Object Repository/Page_Dashboard/a_Izin Keluar' is clicked on

18-06-2024T14:07:13 - [MESSAGE][PASSED] - Object: 'Object Repository/Page_Dashboard/a_Izin Keluar' is clicked on

18-06-2024T14:07:13 - [TEST_STEP][PASSED] - click(findTestObject("Object Repository/Page_Izin Keluar/a_Request Izin Keluar")): Object: 'Object Repository/Page_Izin Keluar/a_Request Izin Keluar' is clicked on

18-06-2024T14:07:14 - [MESSAGE][PASSED] - Object: 'Object Repository/Page_Izin Keluar/a_Request Izin Keluar' is clicked on

18-06-2024T14:07:14 - [TEST_STEP][PASSED] - click(findTestObject("Object Repository/Page_Request Izin Keluar/input_Rencana Berangkat_IzinKeluarrencana_b_bd1150")): Object: 'Object Repository/Page_Request Izin Keluar/input_Rencana Berangkat_IzinKeluarrencana_b_bd1150' is clicked on

18-06-2024T14:07:15 - [MESSAGE][PASSED] - Object: 'Object Repository/Page_Request Izin Keluar/input_Rencana Berangkat_IzinKeluarrencana_b_bd1150' is clicked on

18-06-2024T14:07:15 - [TEST_STEP][PASSED] - click(findTestObject("Object Repository/Page_Request Izin Keluar/td_18")): Object: 'Object Repository/Page_Request Izin Keluar/td_18' is clicked on

18-06-2024T14:07:15 - [MESSAGE][PASSED] - Object: 'Object Repository/Page_Request Izin Keluar/td_18' is clicked on

18-06-2024T14:07:15 - [TEST_STEP][PASSED] - click(findTestObject("Object Repository/Page_Request Izin Keluar/span_1500")): Object: 'Object Repository/Page_Request Izin Keluar/span_1500' is clicked on

18-06-2024T14:07:16 - [MESSAGE][PASSED] - Object: 'Object Repository/Page_Request Izin Keluar/span_1500' is clicked on

18-06-2024T14:07:16 - [TEST_STEP][FAILED] - click(findTestObject("Object Repository/Page_Request Izin Keluar/span_1530")): Unable to click on object (Root cause: com.kms.katalon.core.exception.StepFailedException: Unable to click on object
	at com.kms.katalon.core.webui.keyword.internal.WebUIKeywordMain.stepFailed(WebUIKeywordMain.groovy:64)
	at com.kms.katalon.core.webui.keyword.internal.WebUIKeywordMain.runKeyword(WebUIKeywordMain.groovy:26)
	at com.kms.katalon.core.webui.keyword.builtin.ClickKeyword.click(ClickKeyword.groovy:74)
	at com.kms.katalon.core.webui.keyword.builtin.ClickKeyword.execute(ClickKeyword.groovy:40)
	at com.kms.katalon.core.keyword.internal.KeywordExecutor.executeKeywordForPlatform(KeywordExecutor.groovy:74)
	at com.kms.katalon.core.webui.keyword.WebUiBuiltInKeywords.click(WebUiBuiltInKeywords.groovy:659)
	at Izin Keluar.run(Izin Keluar:42)
	at com.kms.katalon.core.main.ScriptEngine.run(ScriptEngine.java:194)
	at com.kms.katalon.core.main.ScriptEngine.runScriptAsRawText(ScriptEngine.java:119)
	at com.kms.katalon.core.main.TestCaseExecutor.runScript(TestCaseExecutor.java:448)
	at com.kms.katalon.core.main.TestCaseExecutor.doExecute(TestCaseExecutor.java:439)
	at com.kms.katalon.core.main.TestCaseExecutor.processExecutionPhase(TestCaseExecutor.java:418)
	at com.kms.katalon.core.main.TestCaseExecutor.accessMainPhase(TestCaseExecutor.java:410)
	at com.kms.katalon.core.main.TestCaseExecutor.execute(TestCaseExecutor.java:285)
	at com.kms.katalon.core.main.TestCaseExecutor.execute(TestCaseExecutor.java:369)
	at com.kms.katalon.core.main.TestCaseExecutor.execute(TestCaseExecutor.java:369)
	at com.kms.katalon.core.main.TestCaseExecutor.execute(TestCaseExecutor.java:369)
	at com.kms.katalon.core.common.CommonExecutor.accessTestCaseMainPhase(CommonExecutor.java:65)
	at com.kms.katalon.core.main.TestSuiteExecutor.accessTestSuiteMainPhase(TestSuiteExecutor.java:150)
	at com.kms.katalon.core.main.TestSuiteExecutor.execute(TestSuiteExecutor.java:106)
	at com.kms.katalon.core.main.TestCaseMain.startTestSuite(TestCaseMain.java:180)
	at TempTestSuite1718694323650.run(TempTestSuite1718694323650.groovy:35)
	at java.base/jdk.internal.reflect.NativeMethodAccessorImpl.invoke0(Native Method)
	at java.base/jdk.internal.reflect.NativeMethodAccessorImpl.invoke(NativeMethodAccessorImpl.java:77)
	at java.base/jdk.internal.reflect.DelegatingMethodAccessorImpl.invoke(DelegatingMethodAccessorImpl.java:43)
Caused by: java.lang.IllegalArgumentException: Object is null
	at com.kms.katalon.core.helper.KeywordHelper.checkTestObjectParameter(KeywordHelper.java:33)
	at com.kms.katalon.core.webui.keyword.builtin.ClickKeyword$_click_closure1.doCall(ClickKeyword.groovy:62)
	at com.kms.katalon.core.webui.keyword.builtin.ClickKeyword$_click_closure1.call(ClickKeyword.groovy)
	at com.kms.katalon.core.webui.keyword.internal.WebUIKeywordMain.runKeyword(WebUIKeywordMain.groovy:20)
	at com.kms.katalon.core.webui.keyword.builtin.ClickKeyword.click(ClickKeyword.groovy:74)
	at com.kms.katalon.core.webui.keyword.builtin.ClickKeyword.execute(ClickKeyword.groovy:40)
	at com.kms.katalon.core.keyword.internal.KeywordExecutor.executeKeywordForPlatform(KeywordExecutor.groovy:74)
	at com.kms.katalon.core.webui.keyword.WebUiBuiltInKeywords.click(WebUiBuiltInKeywords.groovy:659)
	at Script1718691412726.run(Script1718691412726.groovy:42)
	... 18 more
)

18-06-2024T14:07:16 - [MESSAGE][WARNING] - Test object with id 'Object Repository/Page_Request Izin Keluar/span_1530' does not exist

18-06-2024T14:07:16 - [MESSAGE][WARNING] - Test object with id 'Object Repository/' does not exist

18-06-2024T14:07:16 - [MESSAGE][FAILED] - Unable to click on object (Root cause: com.kms.katalon.core.exception.StepFailedException: Unable to click on object
	at com.kms.katalon.core.webui.keyword.internal.WebUIKeywordMain.stepFailed(WebUIKeywordMain.groovy:64)
	at com.kms.katalon.core.webui.keyword.internal.WebUIKeywordMain.runKeyword(WebUIKeywordMain.groovy:26)
	at com.kms.katalon.core.webui.keyword.builtin.ClickKeyword.click(ClickKeyword.groovy:74)
	at com.kms.katalon.core.webui.keyword.builtin.ClickKeyword.execute(ClickKeyword.groovy:40)
	at com.kms.katalon.core.keyword.internal.KeywordExecutor.executeKeywordForPlatform(KeywordExecutor.groovy:74)
	at com.kms.katalon.core.webui.keyword.WebUiBuiltInKeywords.click(WebUiBuiltInKeywords.groovy:659)
	at Izin Keluar.run(Izin Keluar:42)
	at com.kms.katalon.core.main.ScriptEngine.run(ScriptEngine.java:194)
	at com.kms.katalon.core.main.ScriptEngine.runScriptAsRawText(ScriptEngine.java:119)
	at com.kms.katalon.core.main.TestCaseExecutor.runScript(TestCaseExecutor.java:448)
	at com.kms.katalon.core.main.TestCaseExecutor.doExecute(TestCaseExecutor.java:439)
	at com.kms.katalon.core.main.TestCaseExecutor.processExecutionPhase(TestCaseExecutor.java:418)
	at com.kms.katalon.core.main.TestCaseExecutor.accessMainPhase(TestCaseExecutor.java:410)
	at com.kms.katalon.core.main.TestCaseExecutor.execute(TestCaseExecutor.java:285)
	at com.kms.katalon.core.main.TestCaseExecutor.execute(TestCaseExecutor.java:369)
	at com.kms.katalon.core.main.TestCaseExecutor.execute(TestCaseExecutor.java:369)
	at com.kms.katalon.core.main.TestCaseExecutor.execute(TestCaseExecutor.java:369)
	at com.kms.katalon.core.common.CommonExecutor.accessTestCaseMainPhase(CommonExecutor.java:65)
	at com.kms.katalon.core.main.TestSuiteExecutor.accessTestSuiteMainPhase(TestSuiteExecutor.java:150)
	at com.kms.katalon.core.main.TestSuiteExecutor.execute(TestSuiteExecutor.java:106)
	at com.kms.katalon.core.main.TestCaseMain.startTestSuite(TestCaseMain.java:180)
	at TempTestSuite1718694323650.run(TempTestSuite1718694323650.groovy:35)
	at java.base/jdk.internal.reflect.NativeMethodAccessorImpl.invoke0(Native Method)
	at java.base/jdk.internal.reflect.NativeMethodAccessorImpl.invoke(NativeMethodAccessorImpl.java:77)
	at java.base/jdk.internal.reflect.DelegatingMethodAccessorImpl.invoke(DelegatingMethodAccessorImpl.java:43)
Caused by: java.lang.IllegalArgumentException: Object is null
	at com.kms.katalon.core.helper.KeywordHelper.checkTestObjectParameter(KeywordHelper.java:33)
	at com.kms.katalon.core.webui.keyword.builtin.ClickKeyword$_click_closure1.doCall(ClickKeyword.groovy:62)
	at com.kms.katalon.core.webui.keyword.builtin.ClickKeyword$_click_closure1.call(ClickKeyword.groovy)
	at com.kms.katalon.core.webui.keyword.internal.WebUIKeywordMain.runKeyword(WebUIKeywordMain.groovy:20)
	at com.kms.katalon.core.webui.keyword.builtin.ClickKeyword.click(ClickKeyword.groovy:74)
	at com.kms.katalon.core.webui.keyword.builtin.ClickKeyword.execute(ClickKeyword.groovy:40)
	at com.kms.katalon.core.keyword.internal.KeywordExecutor.executeKeywordForPlatform(KeywordExecutor.groovy:74)
	at com.kms.katalon.core.webui.keyword.WebUiBuiltInKeywords.click(WebUiBuiltInKeywords.groovy:659)
	at Script1718691412726.run(Script1718691412726.groovy:42)
	... 18 more
)
[[ATTACHMENT|/Users/foundation-011/Katalon Studio/Pengujian CIS IT Del/Reports/20240618_140522/Testing Automated/20240618_140523/1718694436287.png]]]]></system-out>
         <system-err><![CDATA[18-06-2024T14:07:07 - [TEST_CASE][FAILED] - Test Cases/Asrama dan Kemahasiswaan/Izin Keluar: Test Cases/Asrama dan Kemahasiswaan/Izin Keluar FAILED.
Reason:
com.kms.katalon.core.exception.StepFailedException: Unable to click on object
	at com.kms.katalon.core.webui.keyword.internal.WebUIKeywordMain.stepFailed(WebUIKeywordMain.groovy:64)
	at com.kms.katalon.core.webui.keyword.internal.WebUIKeywordMain.runKeyword(WebUIKeywordMain.groovy:26)
	at com.kms.katalon.core.webui.keyword.builtin.ClickKeyword.click(ClickKeyword.groovy:74)
	at com.kms.katalon.core.webui.keyword.builtin.ClickKeyword.execute(ClickKeyword.groovy:40)
	at com.kms.katalon.core.keyword.internal.KeywordExecutor.executeKeywordForPlatform(KeywordExecutor.groovy:74)
	at com.kms.katalon.core.webui.keyword.WebUiBuiltInKeywords.click(WebUiBuiltInKeywords.groovy:659)
	at Izin Keluar.run(Izin Keluar:42)
	at com.kms.katalon.core.main.ScriptEngine.run(ScriptEngine.java:194)
	at com.kms.katalon.core.main.ScriptEngine.runScriptAsRawText(ScriptEngine.java:119)
	at com.kms.katalon.core.main.TestCaseExecutor.runScript(TestCaseExecutor.java:448)
	at com.kms.katalon.core.main.TestCaseExecutor.doExecute(TestCaseExecutor.java:439)
	at com.kms.katalon.core.main.TestCaseExecutor.processExecutionPhase(TestCaseExecutor.java:418)
	at com.kms.katalon.core.main.TestCaseExecutor.accessMainPhase(TestCaseExecutor.java:410)
	at com.kms.katalon.core.main.TestCaseExecutor.execute(TestCaseExecutor.java:285)
	at com.kms.katalon.core.main.TestCaseExecutor.execute(TestCaseExecutor.java:369)
	at com.kms.katalon.core.main.TestCaseExecutor.execute(TestCaseExecutor.java:369)
	at com.kms.katalon.core.main.TestCaseExecutor.execute(TestCaseExecutor.java:369)
	at com.kms.katalon.core.common.CommonExecutor.accessTestCaseMainPhase(CommonExecutor.java:65)
	at com.kms.katalon.core.main.TestSuiteExecutor.accessTestSuiteMainPhase(TestSuiteExecutor.java:150)
	at com.kms.katalon.core.main.TestSuiteExecutor.execute(TestSuiteExecutor.java:106)
	at com.kms.katalon.core.main.TestCaseMain.startTestSuite(TestCaseMain.java:180)
	at TempTestSuite1718694323650.run(TempTestSuite1718694323650.groovy:35)
	at java.base/jdk.internal.reflect.NativeMethodAccessorImpl.invoke0(Native Method)
	at java.base/jdk.internal.reflect.NativeMethodAccessorImpl.invoke(NativeMethodAccessorImpl.java:77)
	at java.base/jdk.internal.reflect.DelegatingMethodAccessorImpl.invoke(DelegatingMethodAccessorImpl.java:43)
Caused by: java.lang.IllegalArgumentException: Object is null
	at com.kms.katalon.core.helper.KeywordHelper.checkTestObjectParameter(KeywordHelper.java:33)
	at com.kms.katalon.core.webui.keyword.builtin.ClickKeyword$_click_closure1.doCall(ClickKeyword.groovy:62)
	at com.kms.katalon.core.webui.keyword.builtin.ClickKeyword$_click_closure1.call(ClickKeyword.groovy)
	at com.kms.katalon.core.webui.keyword.internal.WebUIKeywordMain.runKeyword(WebUIKeywordMain.groovy:20)
	... 23 more]]></system-err>
      </testcase>
      <system-out><![CDATA[18-06-2024T14:05:28 - [TEST_SUITE][FAILED] - Testing Automated: Test Cases/Asrama dan Kemahasiswaan/Izin Bermalam FAILED.
Reason:
com.kms.katalon.core.exception.StepFailedException: Unable to click on object
	at com.kms.katalon.core.webui.keyword.internal.WebUIKeywordMain.stepFailed(WebUIKeywordMain.groovy:64)
	at com.kms.katalon.core.webui.keyword.internal.WebUIKeywordMain.runKeyword(WebUIKeywordMain.groovy:26)
	at com.kms.katalon.core.webui.keyword.builtin.ClickKeyword.click(ClickKeyword.groovy:74)
	at com.kms.katalon.core.webui.keyword.builtin.ClickKeyword.execute(ClickKeyword.groovy:40)
	at com.kms.katalon.core.keyword.internal.KeywordExecutor.executeKeywordForPlatform(KeywordExecutor.groovy:74)
	at com.kms.katalon.core.webui.keyword.WebUiBuiltInKeywords.click(WebUiBuiltInKeywords.groovy:659)
	at Izin Bermalam.run(Izin Bermalam:42)
	at com.kms.katalon.core.main.ScriptEngine.run(ScriptEngine.java:194)
	at com.kms.katalon.core.main.ScriptEngine.runScriptAsRawText(ScriptEngine.java:119)
	at com.kms.katalon.core.main.TestCaseExecutor.runScript(TestCaseExecutor.java:448)
	at com.kms.katalon.core.main.TestCaseExecutor.doExecute(TestCaseExecutor.java:439)
	at com.kms.katalon.core.main.TestCaseExecutor.processExecutionPhase(TestCaseExecutor.java:418)
	at com.kms.katalon.core.main.TestCaseExecutor.accessMainPhase(TestCaseExecutor.java:410)
	at com.kms.katalon.core.main.TestCaseExecutor.execute(TestCaseExecutor.java:285)
	at com.kms.katalon.core.common.CommonExecutor.accessTestCaseMainPhase(CommonExecutor.java:65)
	at com.kms.katalon.core.main.TestSuiteExecutor.accessTestSuiteMainPhase(TestSuiteExecutor.java:150)
	at com.kms.katalon.core.main.TestSuiteExecutor.execute(TestSuiteExecutor.java:106)
	at com.kms.katalon.core.main.TestCaseMain.startTestSuite(TestCaseMain.java:180)
	at TempTestSuite1718694323650.run(TempTestSuite1718694323650.groovy:35)
	at java.base/jdk.internal.reflect.NativeMethodAccessorImpl.invoke0(Native Method)
	at java.base/jdk.internal.reflect.NativeMethodAccessorImpl.invoke(NativeMethodAccessorImpl.java:77)
	at java.base/jdk.internal.reflect.DelegatingMethodAccessorImpl.invoke(DelegatingMethodAccessorImpl.java:43)
Caused by: java.lang.IllegalArgumentException: Object is null
	at com.kms.katalon.core.helper.KeywordHelper.checkTestObjectParameter(KeywordHelper.java:33)
	at com.kms.katalon.core.webui.keyword.builtin.ClickKeyword$_click_closure1.doCall(ClickKeyword.groovy:62)
	at com.kms.katalon.core.webui.keyword.builtin.ClickKeyword$_click_closure1.call(ClickKeyword.groovy)
	at com.kms.katalon.core.webui.keyword.internal.WebUIKeywordMain.runKeyword(WebUIKeywordMain.groovy:20)
	... 20 more]]></system-out>
      <system-err><![CDATA[18-06-2024T14:05:28 - [TEST_SUITE][FAILED] - Testing Automated: Test Cases/Asrama dan Kemahasiswaan/Izin Bermalam FAILED.
Reason:
com.kms.katalon.core.exception.StepFailedException: Unable to click on object
	at com.kms.katalon.core.webui.keyword.internal.WebUIKeywordMain.stepFailed(WebUIKeywordMain.groovy:64)
	at com.kms.katalon.core.webui.keyword.internal.WebUIKeywordMain.runKeyword(WebUIKeywordMain.groovy:26)
	at com.kms.katalon.core.webui.keyword.builtin.ClickKeyword.click(ClickKeyword.groovy:74)
	at com.kms.katalon.core.webui.keyword.builtin.ClickKeyword.execute(ClickKeyword.groovy:40)
	at com.kms.katalon.core.keyword.internal.KeywordExecutor.executeKeywordForPlatform(KeywordExecutor.groovy:74)
	at com.kms.katalon.core.webui.keyword.WebUiBuiltInKeywords.click(WebUiBuiltInKeywords.groovy:659)
	at Izin Bermalam.run(Izin Bermalam:42)
	at com.kms.katalon.core.main.ScriptEngine.run(ScriptEngine.java:194)
	at com.kms.katalon.core.main.ScriptEngine.runScriptAsRawText(ScriptEngine.java:119)
	at com.kms.katalon.core.main.TestCaseExecutor.runScript(TestCaseExecutor.java:448)
	at com.kms.katalon.core.main.TestCaseExecutor.doExecute(TestCaseExecutor.java:439)
	at com.kms.katalon.core.main.TestCaseExecutor.processExecutionPhase(TestCaseExecutor.java:418)
	at com.kms.katalon.core.main.TestCaseExecutor.accessMainPhase(TestCaseExecutor.java:410)
	at com.kms.katalon.core.main.TestCaseExecutor.execute(TestCaseExecutor.java:285)
	at com.kms.katalon.core.common.CommonExecutor.accessTestCaseMainPhase(CommonExecutor.java:65)
	at com.kms.katalon.core.main.TestSuiteExecutor.accessTestSuiteMainPhase(TestSuiteExecutor.java:150)
	at com.kms.katalon.core.main.TestSuiteExecutor.execute(TestSuiteExecutor.java:106)
	at com.kms.katalon.core.main.TestCaseMain.startTestSuite(TestCaseMain.java:180)
	at TempTestSuite1718694323650.run(TempTestSuite1718694323650.groovy:35)
	at java.base/jdk.internal.reflect.NativeMethodAccessorImpl.invoke0(Native Method)
	at java.base/jdk.internal.reflect.NativeMethodAccessorImpl.invoke(NativeMethodAccessorImpl.java:77)
	at java.base/jdk.internal.reflect.DelegatingMethodAccessorImpl.invoke(DelegatingMethodAccessorImpl.java:43)
Caused by: java.lang.IllegalArgumentException: Object is null
	at com.kms.katalon.core.helper.KeywordHelper.checkTestObjectParameter(KeywordHelper.java:33)
	at com.kms.katalon.core.webui.keyword.builtin.ClickKeyword$_click_closure1.doCall(ClickKeyword.groovy:62)
	at com.kms.katalon.core.webui.keyword.builtin.ClickKeyword$_click_closure1.call(ClickKeyword.groovy)
	at com.kms.katalon.core.webui.keyword.internal.WebUIKeywordMain.runKeyword(WebUIKeywordMain.groovy:20)
	... 20 more]]></system-err>
   </testsuite>
</testsuites>
